<?xml version="1.0" encoding="UTF-8"?>
<!-- Generated by org.testng.reporters.JUnitReportReporter -->
<testsuite hostname="DESKTOP-EKP6TMO" failures="0" tests="1" name="tuto.eclipse.testCases.TestBookingJAL1" time="13.632" errors="0" timestamp="04 juin 2019 10:00:12 GMT" skipped="0">
  <testcase classname="tuto.eclipse.testCases.TestBookingJAL1" name="testBooking1" time="13.632"/>
</testsuite> <!-- tuto.eclipse.testCases.TestBookingJAL1 -->
