<?xml version="1.0" encoding="UTF-8"?>
<!-- Generated by org.testng.reporters.JUnitReportReporter -->
<testsuite hostname="DESKTOP-EKP6TMO" failures="0" tests="1" name="tuto.eclipse.testCases.TestBookingJAL1" time="17.453" errors="0" timestamp="04 juin 2019 13:40:20 GMT" skipped="0">
  <testcase classname="tuto.eclipse.testCases.TestBookingJAL1" name="testBooking1" time="17.453"/>
</testsuite> <!-- tuto.eclipse.testCases.TestBookingJAL1 -->
