<?xml version="1.0" encoding="UTF-8"?>
<!-- Generated by org.testng.reporters.JUnitReportReporter -->
<testsuite skipped="0" hostname="DESKTOP-Q6RS37F" name="tuto.eclipse.testCases.TestBookingJAL1" tests="1" failures="0" timestamp="20 Feb 2019 14:52:03 GMT" time="1.748" errors="0">
  <testcase name="testBooking1" time="1.748" classname="tuto.eclipse.testCases.TestBookingJAL1"/>
</testsuite> <!-- tuto.eclipse.testCases.TestBookingJAL1 -->
